/community/tutorials/how-to-set-up-a-cd-pipeline-with-spinnaker-on-digitalocean-kubernetes
How To Set Up a CD Pipeline with Spinnaker on DigitalOcean Kubernetes
--------------------------------------------------------------------------------------
/community/tutorials/how-to-convert-data-types-in-go
How To Convert Data Types in Go
--------------------------------------------------------------------------------------
/community/tutorial_series/how-to-code-in-go
Series 10/11
--------------------------------------------------------------------------------------
/community/tags/development?type=tutorials
Development
--------------------------------------------------------------------------------------
/community/tutorials/how-to-install-f-and-set-up-a-local-programming-environment-on-ubuntu-18-04
How To Install F# and Set Up a Local Programming Environment on Ubuntu 18.04
--------------------------------------------------------------------------------------
/community/tags/development?type=tutorials
Development
--------------------------------------------------------------------------------------
/community/tutorials/how-to-set-up-wordpress-with-mysql-on-kubernetes-using-helm
How To Set Up WordPress with MySQL on Kubernetes Using Helm
--------------------------------------------------------------------------------------
/community/tutorials/machine-learning-projects-python-a-digitalocean-ebook
Machine Learning Projects: Python — A DigitalOcean eBook
--------------------------------------------------------------------------------------
/community/tags/development?type=tutorials
Development
--------------------------------------------------------------------------------------
/community/tutorials/how-to-set-up-digitalocean-kubernetes-cluster-monitoring-with-helm-and-prometheus-operator
How to Set Up DigitalOcean Kubernetes Cluster Monitoring with Helm and Prometheus Operator
--------------------------------------------------------------------------------------
/community/tutorials/understanding-data-types-in-go
Understanding Data Types in Go
--------------------------------------------------------------------------------------
/community/tutorial_series/how-to-code-in-go
Series 7/11
--------------------------------------------------------------------------------------
/community/tags/development?type=tutorials
Development
--------------------------------------------------------------------------------------
/community/tutorials/how-to-scale-a-node-js-application-with-mongodb-using-helm
How To Scale a Node.js Application with MongoDB Using Helm
--------------------------------------------------------------------------------------
/community/tutorial_series/from-containers-to-kubernetes-with-node-js
Series 5/6
--------------------------------------------------------------------------------------
/community/tutorials/an-introduction-to-the-strings-package-in-go
An Introduction to the Strings Package in Go
--------------------------------------------------------------------------------------
/community/tutorial_series/how-to-code-in-go
Series 9/11
--------------------------------------------------------------------------------------
/community/tags/development?type=tutorials
Development
--------------------------------------------------------------------------------------
/community/tutorials/how-to-build-a-deep-learning-model-to-predict-employee-retention-using-keras-and-tensorflow
How To Build a Deep Learning Model to Predict Employee Retention Using Keras and TensorFlow
--------------------------------------------------------------------------------------
/community/tags/development?type=tutorials
Development
--------------------------------------------------------------------------------------
/community/tutorials/how-to-create-a-kubernetes-cluster-using-kubeadm-on-debian-9
How To Create a Kubernetes Cluster Using Kubeadm on Debian 9
--------------------------------------------------------------------------------------
/community/tutorials/how-to-format-strings-in-go
How To Format Strings in Go
--------------------------------------------------------------------------------------
/community/tags/development?type=tutorials
Development
--------------------------------------------------------------------------------------
/community/tutorials/an-introduction-to-working-with-strings-in-go
An Introduction to Working with Strings in Go
--------------------------------------------------------------------------------------
/community/tutorial_series/how-to-code-in-go
Series 8/11
--------------------------------------------------------------------------------------
/community/tags/development?type=tutorials
Development
--------------------------------------------------------------------------------------
/community/tutorials/how-to-deploy-a-go-web-application-with-docker-and-nginx-on-ubuntu-18-04
How To Deploy a Go Web Application with Docker and Nginx on Ubuntu 18.04
--------------------------------------------------------------------------------------
/community/tutorials/understanding-maps-in-go
Understanding Maps in Go
--------------------------------------------------------------------------------------
/community/tutorial_series/how-to-code-in-go
Series 11/11
--------------------------------------------------------------------------------------
/community/tags/development?type=tutorials
Development
--------------------------------------------------------------------------------------
/community/tutorials/how-to-build-a-search-bar-with-rxjs
How To Build a Search Bar with RxJS
--------------------------------------------------------------------------------------
/community/tags/development?type=tutorials
Development
--------------------------------------------------------------------------------------
/community/tutorials/how-to-install-and-configure-zabbix-to-securely-monitor-remote-servers-on-ubuntu-18-04
How To Install and Configure Zabbix to Securely Monitor Remote Servers on Ubuntu 18.04
--------------------------------------------------------------------------------------
/community/tutorials/how-to-build-and-deploy-a-graphql-server-with-node-js-and-mongodb-on-ubuntu-18-04
How To Build and Deploy a GraphQL Server with Node.js and MongoDB on Ubuntu 18.04
--------------------------------------------------------------------------------------
/community/tags/development?type=tutorials
Development
--------------------------------------------------------------------------------------
/community/tutorials/how-to-scrape-web-pages-and-post-content-to-twitter-with-python-3
How To Scrape Web Pages and Post Content to Twitter with Python 3
--------------------------------------------------------------------------------------
/community/tags/development?type=tutorials
Development
--------------------------------------------------------------------------------------
/community/tutorials/how-to-automate-deployments-to-digitalocean-kubernetes-with-circleci
How To Automate Deployments to DigitalOcean Kubernetes with CircleCI
--------------------------------------------------------------------------------------
